2025-03-29 06:02:28,867 [INFO] [interview=system] DocumentManager initialized
2025-03-29 06:02:28,872 [INFO] [interview=system] Starting application...
2025-03-29 06:02:28,873 [INFO] [interview=system] Using Java from: /app/lsp/java/jdk-21.0.2
2025-03-29 06:02:28,876 [INFO] [interview=system] Using JDT launcher: /app/lsp/java/jdt-language-server-1.36.0/plugins/org.eclipse.equinox.launcher_1.6.800.v20240513-1750.jar
2025-03-29 06:02:28,880 [INFO] [interview=system] Initializing LSP servers...
2025-03-29 06:02:28,881 [INFO] [interview=system] Starting Java LSP with: /app/lsp/java/jdt-language-server-1.36.0/plugins/org.eclipse.equinox.launcher_1.6.800.v20240513-1750.jar
2025-03-29 06:02:28,883 [DEBUG] [interview=system] Java LSP command: /app/lsp/java/jdk-21.0.2/bin/java -Declipse.application=org.eclipse.jdt.ls.core.id1 -Dosgi.bundles.defaultStartLevel=4 -Declipse.product=org.eclipse.jdt.ls.core.product -Dlog.level=ALL -Xmx2G -XX:+UseG1GC -XX:+UseStringDeduplication -Djava.home=/app/lsp/java/jdk-21.0.2 -jar /app/lsp/java/jdt-language-server-1.36.0/plugins/org.eclipse.equinox.launcher_1.6.800.v20240513-1750.jar -configuration /app/lsp/java/jdt-language-server-1.36.0/config_linux -data /app/workspace/java_workspace --add-modules=ALL-SYSTEM --add-opens java.base/java.util=ALL-UNNAMED --add-opens java.base/java.lang=ALL-UNNAMED -noverify
2025-03-29 06:02:33,890 [ERROR] [interview=system] Failed to start Java LSP server: Java LSP server failed to start: 
Traceback (most recent call last):
  File "/app/services/lsp_manager.py", line 80, in _start_java_server
    raise RuntimeError(f"Java LSP server failed to start: {error}")
RuntimeError: Java LSP server failed to start: 
2025-03-29 06:02:33,894 [ERROR] [interview=system] Failed to initialize LSP servers: Java LSP server failed to start: 
Traceback (most recent call last):
  File "/app/services/lsp_manager.py", line 29, in initialize_servers
    cls._start_java_server()
  File "/app/services/lsp_manager.py", line 80, in _start_java_server
    raise RuntimeError(f"Java LSP server failed to start: {error}")
RuntimeError: Java LSP server failed to start: 
2025-03-29 06:02:33,895 [ERROR] [interview=system] Startup failed: Java LSP server failed to start: 
Traceback (most recent call last):
  File "/app/main.py", line 44, in startup
    LSPManager.initialize_servers()
  File "/app/services/lsp_manager.py", line 29, in initialize_servers
    cls._start_java_server()
  File "/app/services/lsp_manager.py", line 80, in _start_java_server
    raise RuntimeError(f"Java LSP server failed to start: {error}")
RuntimeError: Java LSP server failed to start: 
2025-03-29 06:02:35,718 [INFO] [interview=system] DocumentManager initialized
2025-03-29 06:02:35,722 [INFO] [interview=system] Starting application...
2025-03-29 06:02:35,723 [INFO] [interview=system] Using Java from: /app/lsp/java/jdk-21.0.2
2025-03-29 06:02:35,725 [INFO] [interview=system] Using JDT launcher: /app/lsp/java/jdt-language-server-1.36.0/plugins/org.eclipse.equinox.launcher_1.6.800.v20240513-1750.jar
2025-03-29 06:02:35,728 [INFO] [interview=system] Initializing LSP servers...
2025-03-29 06:02:35,730 [INFO] [interview=system] Starting Java LSP with: /app/lsp/java/jdt-language-server-1.36.0/plugins/org.eclipse.equinox.launcher_1.6.800.v20240513-1750.jar
2025-03-29 06:02:35,731 [DEBUG] [interview=system] Java LSP command: /app/lsp/java/jdk-21.0.2/bin/java -Declipse.application=org.eclipse.jdt.ls.core.id1 -Dosgi.bundles.defaultStartLevel=4 -Declipse.product=org.eclipse.jdt.ls.core.product -Dlog.level=ALL -Xmx2G -XX:+UseG1GC -XX:+UseStringDeduplication -Djava.home=/app/lsp/java/jdk-21.0.2 -jar /app/lsp/java/jdt-language-server-1.36.0/plugins/org.eclipse.equinox.launcher_1.6.800.v20240513-1750.jar -configuration /app/lsp/java/jdt-language-server-1.36.0/config_linux -data /app/workspace/java_workspace --add-modules=ALL-SYSTEM --add-opens java.base/java.util=ALL-UNNAMED --add-opens java.base/java.lang=ALL-UNNAMED -noverify
2025-03-29 06:02:40,738 [ERROR] [interview=system] Failed to start Java LSP server: Java LSP server failed to start: 
Traceback (most recent call last):
  File "/app/services/lsp_manager.py", line 80, in _start_java_server
    raise RuntimeError(f"Java LSP server failed to start: {error}")
RuntimeError: Java LSP server failed to start: 
2025-03-29 06:02:40,741 [ERROR] [interview=system] Failed to initialize LSP servers: Java LSP server failed to start: 
Traceback (most recent call last):
  File "/app/services/lsp_manager.py", line 29, in initialize_servers
    cls._start_java_server()
  File "/app/services/lsp_manager.py", line 80, in _start_java_server
    raise RuntimeError(f"Java LSP server failed to start: {error}")
RuntimeError: Java LSP server failed to start: 
2025-03-29 06:02:40,742 [ERROR] [interview=system] Startup failed: Java LSP server failed to start: 
Traceback (most recent call last):
  File "/app/main.py", line 44, in startup
    LSPManager.initialize_servers()
  File "/app/services/lsp_manager.py", line 29, in initialize_servers
    cls._start_java_server()
  File "/app/services/lsp_manager.py", line 80, in _start_java_server
    raise RuntimeError(f"Java LSP server failed to start: {error}")
RuntimeError: Java LSP server failed to start: 
2025-03-29 06:02:42,443 [INFO] [interview=system] DocumentManager initialized
2025-03-29 06:02:42,446 [INFO] [interview=system] Starting application...
2025-03-29 06:02:42,448 [INFO] [interview=system] Using Java from: /app/lsp/java/jdk-21.0.2
2025-03-29 06:02:42,450 [INFO] [interview=system] Using JDT launcher: /app/lsp/java/jdt-language-server-1.36.0/plugins/org.eclipse.equinox.launcher_1.6.800.v20240513-1750.jar
2025-03-29 06:02:42,453 [INFO] [interview=system] Initializing LSP servers...
2025-03-29 06:02:42,455 [INFO] [interview=system] Starting Java LSP with: /app/lsp/java/jdt-language-server-1.36.0/plugins/org.eclipse.equinox.launcher_1.6.800.v20240513-1750.jar
2025-03-29 06:02:42,456 [DEBUG] [interview=system] Java LSP command: /app/lsp/java/jdk-21.0.2/bin/java -Declipse.application=org.eclipse.jdt.ls.core.id1 -Dosgi.bundles.defaultStartLevel=4 -Declipse.product=org.eclipse.jdt.ls.core.product -Dlog.level=ALL -Xmx2G -XX:+UseG1GC -XX:+UseStringDeduplication -Djava.home=/app/lsp/java/jdk-21.0.2 -jar /app/lsp/java/jdt-language-server-1.36.0/plugins/org.eclipse.equinox.launcher_1.6.800.v20240513-1750.jar -configuration /app/lsp/java/jdt-language-server-1.36.0/config_linux -data /app/workspace/java_workspace --add-modules=ALL-SYSTEM --add-opens java.base/java.util=ALL-UNNAMED --add-opens java.base/java.lang=ALL-UNNAMED -noverify
2025-03-29 06:02:47,463 [ERROR] [interview=system] Failed to start Java LSP server: Java LSP server failed to start: 
Traceback (most recent call last):
  File "/app/services/lsp_manager.py", line 80, in _start_java_server
    raise RuntimeError(f"Java LSP server failed to start: {error}")
RuntimeError: Java LSP server failed to start: 
2025-03-29 06:02:47,466 [ERROR] [interview=system] Failed to initialize LSP servers: Java LSP server failed to start: 
Traceback (most recent call last):
  File "/app/services/lsp_manager.py", line 29, in initialize_servers
    cls._start_java_server()
  File "/app/services/lsp_manager.py", line 80, in _start_java_server
    raise RuntimeError(f"Java LSP server failed to start: {error}")
RuntimeError: Java LSP server failed to start: 
2025-03-29 06:02:47,467 [ERROR] [interview=system] Startup failed: Java LSP server failed to start: 
Traceback (most recent call last):
  File "/app/main.py", line 44, in startup
    LSPManager.initialize_servers()
  File "/app/services/lsp_manager.py", line 29, in initialize_servers
    cls._start_java_server()
  File "/app/services/lsp_manager.py", line 80, in _start_java_server
    raise RuntimeError(f"Java LSP server failed to start: {error}")
RuntimeError: Java LSP server failed to start: 
2025-03-29 06:02:49,231 [INFO] [interview=system] DocumentManager initialized
2025-03-29 06:02:49,236 [INFO] [interview=system] Starting application...
2025-03-29 06:02:49,237 [INFO] [interview=system] Using Java from: /app/lsp/java/jdk-21.0.2
2025-03-29 06:02:49,238 [INFO] [interview=system] Using JDT launcher: /app/lsp/java/jdt-language-server-1.36.0/plugins/org.eclipse.equinox.launcher_1.6.800.v20240513-1750.jar
2025-03-29 06:02:49,242 [INFO] [interview=system] Initializing LSP servers...
2025-03-29 06:02:49,244 [INFO] [interview=system] Starting Java LSP with: /app/lsp/java/jdt-language-server-1.36.0/plugins/org.eclipse.equinox.launcher_1.6.800.v20240513-1750.jar
2025-03-29 06:02:49,244 [DEBUG] [interview=system] Java LSP command: /app/lsp/java/jdk-21.0.2/bin/java -Declipse.application=org.eclipse.jdt.ls.core.id1 -Dosgi.bundles.defaultStartLevel=4 -Declipse.product=org.eclipse.jdt.ls.core.product -Dlog.level=ALL -Xmx2G -XX:+UseG1GC -XX:+UseStringDeduplication -Djava.home=/app/lsp/java/jdk-21.0.2 -jar /app/lsp/java/jdt-language-server-1.36.0/plugins/org.eclipse.equinox.launcher_1.6.800.v20240513-1750.jar -configuration /app/lsp/java/jdt-language-server-1.36.0/config_linux -data /app/workspace/java_workspace --add-modules=ALL-SYSTEM --add-opens java.base/java.util=ALL-UNNAMED --add-opens java.base/java.lang=ALL-UNNAMED -noverify
2025-03-29 06:02:54,249 [ERROR] [interview=system] Failed to start Java LSP server: Java LSP server failed to start: 
Traceback (most recent call last):
  File "/app/services/lsp_manager.py", line 80, in _start_java_server
    raise RuntimeError(f"Java LSP server failed to start: {error}")
RuntimeError: Java LSP server failed to start: 
2025-03-29 06:02:54,252 [ERROR] [interview=system] Failed to initialize LSP servers: Java LSP server failed to start: 
Traceback (most recent call last):
  File "/app/services/lsp_manager.py", line 29, in initialize_servers
    cls._start_java_server()
  File "/app/services/lsp_manager.py", line 80, in _start_java_server
    raise RuntimeError(f"Java LSP server failed to start: {error}")
RuntimeError: Java LSP server failed to start: 
2025-03-29 06:02:54,253 [ERROR] [interview=system] Startup failed: Java LSP server failed to start: 
Traceback (most recent call last):
  File "/app/main.py", line 44, in startup
    LSPManager.initialize_servers()
  File "/app/services/lsp_manager.py", line 29, in initialize_servers
    cls._start_java_server()
  File "/app/services/lsp_manager.py", line 80, in _start_java_server
    raise RuntimeError(f"Java LSP server failed to start: {error}")
RuntimeError: Java LSP server failed to start: 
2025-03-29 06:02:56,427 [INFO] [interview=system] DocumentManager initialized
2025-03-29 06:02:56,431 [INFO] [interview=system] Starting application...
2025-03-29 06:02:56,432 [INFO] [interview=system] Using Java from: /app/lsp/java/jdk-21.0.2
2025-03-29 06:02:56,434 [INFO] [interview=system] Using JDT launcher: /app/lsp/java/jdt-language-server-1.36.0/plugins/org.eclipse.equinox.launcher_1.6.800.v20240513-1750.jar
2025-03-29 06:02:56,437 [INFO] [interview=system] Initializing LSP servers...
2025-03-29 06:02:56,438 [INFO] [interview=system] Starting Java LSP with: /app/lsp/java/jdt-language-server-1.36.0/plugins/org.eclipse.equinox.launcher_1.6.800.v20240513-1750.jar
2025-03-29 06:02:56,439 [DEBUG] [interview=system] Java LSP command: /app/lsp/java/jdk-21.0.2/bin/java -Declipse.application=org.eclipse.jdt.ls.core.id1 -Dosgi.bundles.defaultStartLevel=4 -Declipse.product=org.eclipse.jdt.ls.core.product -Dlog.level=ALL -Xmx2G -XX:+UseG1GC -XX:+UseStringDeduplication -Djava.home=/app/lsp/java/jdk-21.0.2 -jar /app/lsp/java/jdt-language-server-1.36.0/plugins/org.eclipse.equinox.launcher_1.6.800.v20240513-1750.jar -configuration /app/lsp/java/jdt-language-server-1.36.0/config_linux -data /app/workspace/java_workspace --add-modules=ALL-SYSTEM --add-opens java.base/java.util=ALL-UNNAMED --add-opens java.base/java.lang=ALL-UNNAMED -noverify
2025-03-29 06:03:01,447 [ERROR] [interview=system] Failed to start Java LSP server: Java LSP server failed to start: 
Traceback (most recent call last):
  File "/app/services/lsp_manager.py", line 80, in _start_java_server
    raise RuntimeError(f"Java LSP server failed to start: {error}")
RuntimeError: Java LSP server failed to start: 
2025-03-29 06:03:01,448 [ERROR] [interview=system] Failed to initialize LSP servers: Java LSP server failed to start: 
Traceback (most recent call last):
  File "/app/services/lsp_manager.py", line 29, in initialize_servers
    cls._start_java_server()
  File "/app/services/lsp_manager.py", line 80, in _start_java_server
    raise RuntimeError(f"Java LSP server failed to start: {error}")
RuntimeError: Java LSP server failed to start: 
2025-03-29 06:03:01,449 [ERROR] [interview=system] Startup failed: Java LSP server failed to start: 
Traceback (most recent call last):
  File "/app/main.py", line 44, in startup
    LSPManager.initialize_servers()
  File "/app/services/lsp_manager.py", line 29, in initialize_servers
    cls._start_java_server()
  File "/app/services/lsp_manager.py", line 80, in _start_java_server
    raise RuntimeError(f"Java LSP server failed to start: {error}")
RuntimeError: Java LSP server failed to start: 
2025-03-29 06:03:04,386 [INFO] [interview=system] DocumentManager initialized
2025-03-29 06:03:04,390 [INFO] [interview=system] Starting application...
2025-03-29 06:03:04,391 [INFO] [interview=system] Using Java from: /app/lsp/java/jdk-21.0.2
2025-03-29 06:03:04,393 [INFO] [interview=system] Using JDT launcher: /app/lsp/java/jdt-language-server-1.36.0/plugins/org.eclipse.equinox.launcher_1.6.800.v20240513-1750.jar
2025-03-29 06:03:04,396 [INFO] [interview=system] Initializing LSP servers...
2025-03-29 06:03:04,397 [INFO] [interview=system] Starting Java LSP with: /app/lsp/java/jdt-language-server-1.36.0/plugins/org.eclipse.equinox.launcher_1.6.800.v20240513-1750.jar
2025-03-29 06:03:04,398 [DEBUG] [interview=system] Java LSP command: /app/lsp/java/jdk-21.0.2/bin/java -Declipse.application=org.eclipse.jdt.ls.core.id1 -Dosgi.bundles.defaultStartLevel=4 -Declipse.product=org.eclipse.jdt.ls.core.product -Dlog.level=ALL -Xmx2G -XX:+UseG1GC -XX:+UseStringDeduplication -Djava.home=/app/lsp/java/jdk-21.0.2 -jar /app/lsp/java/jdt-language-server-1.36.0/plugins/org.eclipse.equinox.launcher_1.6.800.v20240513-1750.jar -configuration /app/lsp/java/jdt-language-server-1.36.0/config_linux -data /app/workspace/java_workspace --add-modules=ALL-SYSTEM --add-opens java.base/java.util=ALL-UNNAMED --add-opens java.base/java.lang=ALL-UNNAMED -noverify
2025-03-29 06:03:09,406 [ERROR] [interview=system] Failed to start Java LSP server: Java LSP server failed to start: 
Traceback (most recent call last):
  File "/app/services/lsp_manager.py", line 80, in _start_java_server
    raise RuntimeError(f"Java LSP server failed to start: {error}")
RuntimeError: Java LSP server failed to start: 
2025-03-29 06:03:09,407 [ERROR] [interview=system] Failed to initialize LSP servers: Java LSP server failed to start: 
Traceback (most recent call last):
  File "/app/services/lsp_manager.py", line 29, in initialize_servers
    cls._start_java_server()
  File "/app/services/lsp_manager.py", line 80, in _start_java_server
    raise RuntimeError(f"Java LSP server failed to start: {error}")
RuntimeError: Java LSP server failed to start: 
2025-03-29 06:03:09,408 [ERROR] [interview=system] Startup failed: Java LSP server failed to start: 
Traceback (most recent call last):
  File "/app/main.py", line 44, in startup
    LSPManager.initialize_servers()
  File "/app/services/lsp_manager.py", line 29, in initialize_servers
    cls._start_java_server()
  File "/app/services/lsp_manager.py", line 80, in _start_java_server
    raise RuntimeError(f"Java LSP server failed to start: {error}")
RuntimeError: Java LSP server failed to start: 
2025-03-29 06:03:14,035 [INFO] [interview=system] DocumentManager initialized
2025-03-29 06:03:14,039 [INFO] [interview=system] Starting application...
2025-03-29 06:03:14,040 [INFO] [interview=system] Using Java from: /app/lsp/java/jdk-21.0.2
2025-03-29 06:03:14,042 [INFO] [interview=system] Using JDT launcher: /app/lsp/java/jdt-language-server-1.36.0/plugins/org.eclipse.equinox.launcher_1.6.800.v20240513-1750.jar
2025-03-29 06:03:14,046 [INFO] [interview=system] Initializing LSP servers...
2025-03-29 06:03:14,048 [INFO] [interview=system] Starting Java LSP with: /app/lsp/java/jdt-language-server-1.36.0/plugins/org.eclipse.equinox.launcher_1.6.800.v20240513-1750.jar
2025-03-29 06:03:14,049 [DEBUG] [interview=system] Java LSP command: /app/lsp/java/jdk-21.0.2/bin/java -Declipse.application=org.eclipse.jdt.ls.core.id1 -Dosgi.bundles.defaultStartLevel=4 -Declipse.product=org.eclipse.jdt.ls.core.product -Dlog.level=ALL -Xmx2G -XX:+UseG1GC -XX:+UseStringDeduplication -Djava.home=/app/lsp/java/jdk-21.0.2 -jar /app/lsp/java/jdt-language-server-1.36.0/plugins/org.eclipse.equinox.launcher_1.6.800.v20240513-1750.jar -configuration /app/lsp/java/jdt-language-server-1.36.0/config_linux -data /app/workspace/java_workspace --add-modules=ALL-SYSTEM --add-opens java.base/java.util=ALL-UNNAMED --add-opens java.base/java.lang=ALL-UNNAMED -noverify
2025-03-29 06:03:19,056 [ERROR] [interview=system] Failed to start Java LSP server: Java LSP server failed to start: 
Traceback (most recent call last):
  File "/app/services/lsp_manager.py", line 80, in _start_java_server
    raise RuntimeError(f"Java LSP server failed to start: {error}")
RuntimeError: Java LSP server failed to start: 
2025-03-29 06:03:19,057 [ERROR] [interview=system] Failed to initialize LSP servers: Java LSP server failed to start: 
Traceback (most recent call last):
  File "/app/services/lsp_manager.py", line 29, in initialize_servers
    cls._start_java_server()
  File "/app/services/lsp_manager.py", line 80, in _start_java_server
    raise RuntimeError(f"Java LSP server failed to start: {error}")
RuntimeError: Java LSP server failed to start: 
2025-03-29 06:03:19,059 [ERROR] [interview=system] Startup failed: Java LSP server failed to start: 
Traceback (most recent call last):
  File "/app/main.py", line 44, in startup
    LSPManager.initialize_servers()
  File "/app/services/lsp_manager.py", line 29, in initialize_servers
    cls._start_java_server()
  File "/app/services/lsp_manager.py", line 80, in _start_java_server
    raise RuntimeError(f"Java LSP server failed to start: {error}")
RuntimeError: Java LSP server failed to start: 
2025-03-29 06:03:26,756 [INFO] [interview=system] DocumentManager initialized
2025-03-29 06:03:26,759 [INFO] [interview=system] Starting application...
2025-03-29 06:03:26,760 [INFO] [interview=system] Using Java from: /app/lsp/java/jdk-21.0.2
2025-03-29 06:03:26,762 [INFO] [interview=system] Using JDT launcher: /app/lsp/java/jdt-language-server-1.36.0/plugins/org.eclipse.equinox.launcher_1.6.800.v20240513-1750.jar
2025-03-29 06:03:26,766 [INFO] [interview=system] Initializing LSP servers...
2025-03-29 06:03:26,767 [INFO] [interview=system] Starting Java LSP with: /app/lsp/java/jdt-language-server-1.36.0/plugins/org.eclipse.equinox.launcher_1.6.800.v20240513-1750.jar
2025-03-29 06:03:26,768 [DEBUG] [interview=system] Java LSP command: /app/lsp/java/jdk-21.0.2/bin/java -Declipse.application=org.eclipse.jdt.ls.core.id1 -Dosgi.bundles.defaultStartLevel=4 -Declipse.product=org.eclipse.jdt.ls.core.product -Dlog.level=ALL -Xmx2G -XX:+UseG1GC -XX:+UseStringDeduplication -Djava.home=/app/lsp/java/jdk-21.0.2 -jar /app/lsp/java/jdt-language-server-1.36.0/plugins/org.eclipse.equinox.launcher_1.6.800.v20240513-1750.jar -configuration /app/lsp/java/jdt-language-server-1.36.0/config_linux -data /app/workspace/java_workspace --add-modules=ALL-SYSTEM --add-opens java.base/java.util=ALL-UNNAMED --add-opens java.base/java.lang=ALL-UNNAMED -noverify
2025-03-29 06:03:31,775 [ERROR] [interview=system] Failed to start Java LSP server: Java LSP server failed to start: 
Traceback (most recent call last):
  File "/app/services/lsp_manager.py", line 80, in _start_java_server
    raise RuntimeError(f"Java LSP server failed to start: {error}")
RuntimeError: Java LSP server failed to start: 
2025-03-29 06:03:31,777 [ERROR] [interview=system] Failed to initialize LSP servers: Java LSP server failed to start: 
Traceback (most recent call last):
  File "/app/services/lsp_manager.py", line 29, in initialize_servers
    cls._start_java_server()
  File "/app/services/lsp_manager.py", line 80, in _start_java_server
    raise RuntimeError(f"Java LSP server failed to start: {error}")
RuntimeError: Java LSP server failed to start: 
2025-03-29 06:03:31,778 [ERROR] [interview=system] Startup failed: Java LSP server failed to start: 
Traceback (most recent call last):
  File "/app/main.py", line 44, in startup
    LSPManager.initialize_servers()
  File "/app/services/lsp_manager.py", line 29, in initialize_servers
    cls._start_java_server()
  File "/app/services/lsp_manager.py", line 80, in _start_java_server
    raise RuntimeError(f"Java LSP server failed to start: {error}")
RuntimeError: Java LSP server failed to start: 
2025-03-29 06:03:45,955 [INFO] [interview=system] DocumentManager initialized
2025-03-29 06:03:45,958 [INFO] [interview=system] Starting application...
2025-03-29 06:03:45,959 [INFO] [interview=system] Using Java from: /app/lsp/java/jdk-21.0.2
2025-03-29 06:03:45,961 [INFO] [interview=system] Using JDT launcher: /app/lsp/java/jdt-language-server-1.36.0/plugins/org.eclipse.equinox.launcher_1.6.800.v20240513-1750.jar
2025-03-29 06:03:45,965 [INFO] [interview=system] Initializing LSP servers...
2025-03-29 06:03:45,966 [INFO] [interview=system] Starting Java LSP with: /app/lsp/java/jdt-language-server-1.36.0/plugins/org.eclipse.equinox.launcher_1.6.800.v20240513-1750.jar
2025-03-29 06:03:45,967 [DEBUG] [interview=system] Java LSP command: /app/lsp/java/jdk-21.0.2/bin/java -Declipse.application=org.eclipse.jdt.ls.core.id1 -Dosgi.bundles.defaultStartLevel=4 -Declipse.product=org.eclipse.jdt.ls.core.product -Dlog.level=ALL -Xmx2G -XX:+UseG1GC -XX:+UseStringDeduplication -Djava.home=/app/lsp/java/jdk-21.0.2 -jar /app/lsp/java/jdt-language-server-1.36.0/plugins/org.eclipse.equinox.launcher_1.6.800.v20240513-1750.jar -configuration /app/lsp/java/jdt-language-server-1.36.0/config_linux -data /app/workspace/java_workspace --add-modules=ALL-SYSTEM --add-opens java.base/java.util=ALL-UNNAMED --add-opens java.base/java.lang=ALL-UNNAMED -noverify
2025-03-29 06:03:50,975 [ERROR] [interview=system] Failed to start Java LSP server: Java LSP server failed to start: 
Traceback (most recent call last):
  File "/app/services/lsp_manager.py", line 80, in _start_java_server
    raise RuntimeError(f"Java LSP server failed to start: {error}")
RuntimeError: Java LSP server failed to start: 
2025-03-29 06:03:50,980 [ERROR] [interview=system] Failed to initialize LSP servers: Java LSP server failed to start: 
Traceback (most recent call last):
  File "/app/services/lsp_manager.py", line 29, in initialize_servers
    cls._start_java_server()
  File "/app/services/lsp_manager.py", line 80, in _start_java_server
    raise RuntimeError(f"Java LSP server failed to start: {error}")
RuntimeError: Java LSP server failed to start: 
2025-03-29 06:03:50,981 [ERROR] [interview=system] Startup failed: Java LSP server failed to start: 
Traceback (most recent call last):
  File "/app/main.py", line 44, in startup
    LSPManager.initialize_servers()
  File "/app/services/lsp_manager.py", line 29, in initialize_servers
    cls._start_java_server()
  File "/app/services/lsp_manager.py", line 80, in _start_java_server
    raise RuntimeError(f"Java LSP server failed to start: {error}")
RuntimeError: Java LSP server failed to start: 
2025-03-29 06:04:17,962 [INFO] [interview=system] DocumentManager initialized
2025-03-29 06:04:17,967 [INFO] [interview=system] Starting application...
2025-03-29 06:04:17,967 [INFO] [interview=system] Using Java from: /app/lsp/java/jdk-21.0.2
2025-03-29 06:04:17,969 [INFO] [interview=system] Using JDT launcher: /app/lsp/java/jdt-language-server-1.36.0/plugins/org.eclipse.equinox.launcher_1.6.800.v20240513-1750.jar
2025-03-29 06:04:17,974 [INFO] [interview=system] Initializing LSP servers...
2025-03-29 06:04:17,975 [INFO] [interview=system] Starting Java LSP with: /app/lsp/java/jdt-language-server-1.36.0/plugins/org.eclipse.equinox.launcher_1.6.800.v20240513-1750.jar
2025-03-29 06:04:17,975 [DEBUG] [interview=system] Java LSP command: /app/lsp/java/jdk-21.0.2/bin/java -Declipse.application=org.eclipse.jdt.ls.core.id1 -Dosgi.bundles.defaultStartLevel=4 -Declipse.product=org.eclipse.jdt.ls.core.product -Dlog.level=ALL -Xmx2G -XX:+UseG1GC -XX:+UseStringDeduplication -Djava.home=/app/lsp/java/jdk-21.0.2 -jar /app/lsp/java/jdt-language-server-1.36.0/plugins/org.eclipse.equinox.launcher_1.6.800.v20240513-1750.jar -configuration /app/lsp/java/jdt-language-server-1.36.0/config_linux -data /app/workspace/java_workspace --add-modules=ALL-SYSTEM --add-opens java.base/java.util=ALL-UNNAMED --add-opens java.base/java.lang=ALL-UNNAMED -noverify
2025-03-29 06:04:22,983 [ERROR] [interview=system] Failed to start Java LSP server: Java LSP server failed to start: 
Traceback (most recent call last):
  File "/app/services/lsp_manager.py", line 80, in _start_java_server
    raise RuntimeError(f"Java LSP server failed to start: {error}")
RuntimeError: Java LSP server failed to start: 
2025-03-29 06:04:22,984 [ERROR] [interview=system] Failed to initialize LSP servers: Java LSP server failed to start: 
Traceback (most recent call last):
  File "/app/services/lsp_manager.py", line 29, in initialize_servers
    cls._start_java_server()
  File "/app/services/lsp_manager.py", line 80, in _start_java_server
    raise RuntimeError(f"Java LSP server failed to start: {error}")
RuntimeError: Java LSP server failed to start: 
2025-03-29 06:04:22,985 [ERROR] [interview=system] Startup failed: Java LSP server failed to start: 
Traceback (most recent call last):
  File "/app/main.py", line 44, in startup
    LSPManager.initialize_servers()
  File "/app/services/lsp_manager.py", line 29, in initialize_servers
    cls._start_java_server()
  File "/app/services/lsp_manager.py", line 80, in _start_java_server
    raise RuntimeError(f"Java LSP server failed to start: {error}")
RuntimeError: Java LSP server failed to start: 
2025-03-29 06:05:15,678 [INFO] [interview=system] DocumentManager initialized
2025-03-29 06:05:15,683 [INFO] [interview=system] Starting application...
2025-03-29 06:05:15,685 [INFO] [interview=system] Using Java from: /app/lsp/java/jdk-21.0.2
2025-03-29 06:05:15,687 [INFO] [interview=system] Using JDT launcher: /app/lsp/java/jdt-language-server-1.36.0/plugins/org.eclipse.equinox.launcher_1.6.800.v20240513-1750.jar
2025-03-29 06:05:15,691 [INFO] [interview=system] Initializing LSP servers...
2025-03-29 06:05:15,692 [INFO] [interview=system] Starting Java LSP with: /app/lsp/java/jdt-language-server-1.36.0/plugins/org.eclipse.equinox.launcher_1.6.800.v20240513-1750.jar
2025-03-29 06:05:15,693 [DEBUG] [interview=system] Java LSP command: /app/lsp/java/jdk-21.0.2/bin/java -Declipse.application=org.eclipse.jdt.ls.core.id1 -Dosgi.bundles.defaultStartLevel=4 -Declipse.product=org.eclipse.jdt.ls.core.product -Dlog.level=ALL -Xmx2G -XX:+UseG1GC -XX:+UseStringDeduplication -Djava.home=/app/lsp/java/jdk-21.0.2 -jar /app/lsp/java/jdt-language-server-1.36.0/plugins/org.eclipse.equinox.launcher_1.6.800.v20240513-1750.jar -configuration /app/lsp/java/jdt-language-server-1.36.0/config_linux -data /app/workspace/java_workspace --add-modules=ALL-SYSTEM --add-opens java.base/java.util=ALL-UNNAMED --add-opens java.base/java.lang=ALL-UNNAMED -noverify
2025-03-29 06:05:20,701 [ERROR] [interview=system] Failed to start Java LSP server: Java LSP server failed to start: 
Traceback (most recent call last):
  File "/app/services/lsp_manager.py", line 80, in _start_java_server
    raise RuntimeError(f"Java LSP server failed to start: {error}")
RuntimeError: Java LSP server failed to start: 
2025-03-29 06:05:20,702 [ERROR] [interview=system] Failed to initialize LSP servers: Java LSP server failed to start: 
Traceback (most recent call last):
  File "/app/services/lsp_manager.py", line 29, in initialize_servers
    cls._start_java_server()
  File "/app/services/lsp_manager.py", line 80, in _start_java_server
    raise RuntimeError(f"Java LSP server failed to start: {error}")
RuntimeError: Java LSP server failed to start: 
2025-03-29 06:05:20,704 [ERROR] [interview=system] Startup failed: Java LSP server failed to start: 
Traceback (most recent call last):
  File "/app/main.py", line 44, in startup
    LSPManager.initialize_servers()
  File "/app/services/lsp_manager.py", line 29, in initialize_servers
    cls._start_java_server()
  File "/app/services/lsp_manager.py", line 80, in _start_java_server
    raise RuntimeError(f"Java LSP server failed to start: {error}")
RuntimeError: Java LSP server failed to start: 
2025-03-29 06:06:22,164 [INFO] [interview=system] DocumentManager initialized
2025-03-29 06:06:22,167 [INFO] [interview=system] Starting application...
2025-03-29 06:06:22,168 [INFO] [interview=system] Using Java from: /app/lsp/java/jdk-21.0.2
2025-03-29 06:06:22,170 [INFO] [interview=system] Using JDT launcher: /app/lsp/java/jdt-language-server-1.36.0/plugins/org.eclipse.equinox.launcher_1.6.800.v20240513-1750.jar
2025-03-29 06:06:22,173 [INFO] [interview=system] Initializing LSP servers...
2025-03-29 06:06:22,174 [INFO] [interview=system] Starting Java LSP with: /app/lsp/java/jdt-language-server-1.36.0/plugins/org.eclipse.equinox.launcher_1.6.800.v20240513-1750.jar
2025-03-29 06:06:22,175 [DEBUG] [interview=system] Java LSP command: /app/lsp/java/jdk-21.0.2/bin/java -Declipse.application=org.eclipse.jdt.ls.core.id1 -Dosgi.bundles.defaultStartLevel=4 -Declipse.product=org.eclipse.jdt.ls.core.product -Dlog.level=ALL -Xmx2G -XX:+UseG1GC -XX:+UseStringDeduplication -Djava.home=/app/lsp/java/jdk-21.0.2 -jar /app/lsp/java/jdt-language-server-1.36.0/plugins/org.eclipse.equinox.launcher_1.6.800.v20240513-1750.jar -configuration /app/lsp/java/jdt-language-server-1.36.0/config_linux -data /app/workspace/java_workspace --add-modules=ALL-SYSTEM --add-opens java.base/java.util=ALL-UNNAMED --add-opens java.base/java.lang=ALL-UNNAMED -noverify
2025-03-29 06:06:27,175 [ERROR] [interview=system] Failed to start Java LSP server: Java LSP server failed to start: 
Traceback (most recent call last):
  File "/app/services/lsp_manager.py", line 80, in _start_java_server
    raise RuntimeError(f"Java LSP server failed to start: {error}")
RuntimeError: Java LSP server failed to start: 
2025-03-29 06:06:27,177 [ERROR] [interview=system] Failed to initialize LSP servers: Java LSP server failed to start: 
Traceback (most recent call last):
  File "/app/services/lsp_manager.py", line 29, in initialize_servers
    cls._start_java_server()
  File "/app/services/lsp_manager.py", line 80, in _start_java_server
    raise RuntimeError(f"Java LSP server failed to start: {error}")
RuntimeError: Java LSP server failed to start: 
2025-03-29 06:06:27,178 [ERROR] [interview=system] Startup failed: Java LSP server failed to start: 
Traceback (most recent call last):
  File "/app/main.py", line 44, in startup
    LSPManager.initialize_servers()
  File "/app/services/lsp_manager.py", line 29, in initialize_servers
    cls._start_java_server()
  File "/app/services/lsp_manager.py", line 80, in _start_java_server
    raise RuntimeError(f"Java LSP server failed to start: {error}")
RuntimeError: Java LSP server failed to start: 
2025-03-29 06:07:28,542 [INFO] [interview=system] DocumentManager initialized
2025-03-29 06:07:28,546 [INFO] [interview=system] Starting application...
2025-03-29 06:07:28,548 [INFO] [interview=system] Using Java from: /app/lsp/java/jdk-21.0.2
2025-03-29 06:07:28,550 [INFO] [interview=system] Using JDT launcher: /app/lsp/java/jdt-language-server-1.36.0/plugins/org.eclipse.equinox.launcher_1.6.800.v20240513-1750.jar
2025-03-29 06:07:28,554 [INFO] [interview=system] Initializing LSP servers...
2025-03-29 06:07:28,555 [INFO] [interview=system] Starting Java LSP with: /app/lsp/java/jdt-language-server-1.36.0/plugins/org.eclipse.equinox.launcher_1.6.800.v20240513-1750.jar
2025-03-29 06:07:28,556 [DEBUG] [interview=system] Java LSP command: /app/lsp/java/jdk-21.0.2/bin/java -Declipse.application=org.eclipse.jdt.ls.core.id1 -Dosgi.bundles.defaultStartLevel=4 -Declipse.product=org.eclipse.jdt.ls.core.product -Dlog.level=ALL -Xmx2G -XX:+UseG1GC -XX:+UseStringDeduplication -Djava.home=/app/lsp/java/jdk-21.0.2 -jar /app/lsp/java/jdt-language-server-1.36.0/plugins/org.eclipse.equinox.launcher_1.6.800.v20240513-1750.jar -configuration /app/lsp/java/jdt-language-server-1.36.0/config_linux -data /app/workspace/java_workspace --add-modules=ALL-SYSTEM --add-opens java.base/java.util=ALL-UNNAMED --add-opens java.base/java.lang=ALL-UNNAMED -noverify
2025-03-29 06:07:33,564 [ERROR] [interview=system] Failed to start Java LSP server: Java LSP server failed to start: 
Traceback (most recent call last):
  File "/app/services/lsp_manager.py", line 80, in _start_java_server
    raise RuntimeError(f"Java LSP server failed to start: {error}")
RuntimeError: Java LSP server failed to start: 
2025-03-29 06:07:33,567 [ERROR] [interview=system] Failed to initialize LSP servers: Java LSP server failed to start: 
Traceback (most recent call last):
  File "/app/services/lsp_manager.py", line 29, in initialize_servers
    cls._start_java_server()
  File "/app/services/lsp_manager.py", line 80, in _start_java_server
    raise RuntimeError(f"Java LSP server failed to start: {error}")
RuntimeError: Java LSP server failed to start: 
2025-03-29 06:07:33,568 [ERROR] [interview=system] Startup failed: Java LSP server failed to start: 
Traceback (most recent call last):
  File "/app/main.py", line 44, in startup
    LSPManager.initialize_servers()
  File "/app/services/lsp_manager.py", line 29, in initialize_servers
    cls._start_java_server()
  File "/app/services/lsp_manager.py", line 80, in _start_java_server
    raise RuntimeError(f"Java LSP server failed to start: {error}")
RuntimeError: Java LSP server failed to start: 
2025-03-29 06:09:22,271 [INFO] [interview=system] DocumentManager initialized
2025-03-29 06:09:22,276 [INFO] [interview=system] Starting application...
2025-03-29 06:09:22,277 [INFO] [interview=system] Using Java from: /app/lsp/java/jdk-21.0.2
2025-03-29 06:09:22,279 [INFO] [interview=system] Using JDT launcher: /app/lsp/java/jdt-language-server-1.36.0/plugins/org.eclipse.equinox.launcher_1.6.800.v20240513-1750.jar
2025-03-29 06:09:22,282 [INFO] [interview=system] Initializing LSP servers...
2025-03-29 06:09:22,283 [INFO] [interview=system] Starting Java LSP with: /app/lsp/java/jdt-language-server-1.36.0/plugins/org.eclipse.equinox.launcher_1.6.800.v20240513-1750.jar
2025-03-29 06:09:22,284 [DEBUG] [interview=system] Java LSP command: /app/lsp/java/jdk-21.0.2/bin/java -Declipse.application=org.eclipse.jdt.ls.core.id1 -Dosgi.bundles.defaultStartLevel=4 -Declipse.product=org.eclipse.jdt.ls.core.product -Dlog.level=ALL -Xmx2G -XX:+UseG1GC -XX:+UseStringDeduplication -Djava.home=/app/lsp/java/jdk-21.0.2 -jar /app/lsp/java/jdt-language-server-1.36.0/plugins/org.eclipse.equinox.launcher_1.6.800.v20240513-1750.jar -configuration /app/lsp/java/jdt-language-server-1.36.0/config_linux -data /app/workspace/java_workspace --add-modules=ALL-SYSTEM --add-opens java.base/java.util=ALL-UNNAMED --add-opens java.base/java.lang=ALL-UNNAMED -noverify
2025-03-29 06:09:27,288 [INFO] [interview=system] Java LSP server started with PID: 9
2025-03-29 06:09:27,291 [INFO] [interview=system] Python LSP server started with PID: 91
2025-03-29 06:09:27,295 [ERROR] [interview=system] Java LSP error: Mar 29, 2025 6:09:23 AM org.apache.aries.spifly.BaseActivator log
2025-03-29 06:09:27,296 [ERROR] [interview=system] Java LSP error: INFO: Registered provider ch.qos.logback.classic.servlet.LogbackServletContainerInitializer of service jakarta.servlet.ServletContainerInitializer in bundle ch.qos.logback.classic
2025-03-29 06:09:27,296 [INFO] [interview=system] LSP servers initialized
2025-03-29 06:09:27,297 [ERROR] [interview=system] Java LSP error: Mar 29, 2025 6:09:23 AM org.apache.aries.spifly.BaseActivator log
2025-03-29 06:09:27,298 [INFO] [interview=system] Application startup complete
2025-03-29 06:09:27,299 [ERROR] [interview=system] Java LSP error: INFO: Registered provider ch.qos.logback.classic.spi.LogbackServiceProvider of service org.slf4j.spi.SLF4JServiceProvider in bundle ch.qos.logback.classic
2025-03-29 06:09:27,613 [DEBUG] [interview=system] Received Java LSP message: {'jsonrpc': '2.0', 'method': 'window/logMessage', 'params': {'type': 3, 'message': 'Mar 29, 2025, 6:09:27\u202fAM class org.eclipse.jdt.ls.core.internal.JavaLanguageServerPlugin is started'}}
2025-03-29 06:09:27,614 [DEBUG] [interview=system] Received Java LSP message: {'jsonrpc': '2.0', 'method': 'window/logMessage', 'params': {'type': 2, 'message': 'Mar 29, 2025, 6:09:25\u202fAM The workspace exited with unsaved changes in the previous session; refreshing workspace to recover changes.\nnull'}}
2025-03-29 06:09:27,615 [DEBUG] [interview=system] Received Java LSP message: {'jsonrpc': '2.0', 'method': 'window/logMessage', 'params': {'type': 1, 'message': 'Mar 29, 2025, 6:09:25\u202fAM Workspace restored, but some problems occurred.\nnull'}}
2025-03-29 06:09:27,628 [DEBUG] [interview=system] Received Java LSP message: {'jsonrpc': '2.0', 'method': 'window/logMessage', 'params': {'type': 3, 'message': 'Mar 29, 2025, 6:09:27\u202fAM Main thread is waiting'}}
2025-03-29 06:10:21,737 [INFO] [interview=system] [interview=1232] WebSocket connection opened
2025-03-29 06:10:25,026 [DEBUG] [interview=system] [interview=1232] Wrote file: /app/workspace/1232/java/Test.java
2025-03-29 06:10:25,027 [INFO] [interview=system] [interview=1232] Opened document: file://Test.java
2025-03-29 06:10:25,027 [DEBUG] [interview=system] [interview=1232] Document content:
public class Test {
    public static void main(String[] args) {
        System.
2025-03-29 06:10:29,114 [INFO] [interview=system] [interview=1232] Fetching completions for file://Test.java at line 2, column 13
2025-03-29 06:10:29,115 [DEBUG] [interview=system] [interview=1232] Current document content:
public class Test {
    public static void main(String[] args) {
        System.
2025-03-29 06:10:29,158 [DEBUG] [interview=system] Sending Java LSP request (ID: 1): {"jsonrpc": "2.0", "method": "initialize", "params": {"processId": 1, "rootUri": "file:///app/workspace/1232/java", "capabilities": {"textDocument": {"completion": {"completionItem": {"snippetSupport": true}}}}, "initializationOptions": {"bundles": [], "workspaceFolders": ["file:///app/workspace/1232/java"], "settings": {"java": {"home": "/app/lsp/java/jdk-21.0.2", "configuration": {"runtimes": [{"name": "JavaSE-21", "path": "/app/lsp/java/jdk-21.0.2", "default": true}]}}}}}, "id": 1}
2025-03-29 06:10:29,234 [DEBUG] [interview=system] Received Java LSP message: {'jsonrpc': '2.0', 'method': 'window/logMessage', 'params': {'type': 3, 'message': 'Mar 29, 2025, 6:10:29\u202fAM >> initialize'}}
2025-03-29 06:10:29,254 [DEBUG] [interview=system] Received Java LSP message: {'jsonrpc': '2.0', 'method': 'window/logMessage', 'params': {'type': 3, 'message': 'Mar 29, 2025, 6:10:29\u202fAM Initializing Java Language Server 1.36.0.202405301306'}}
2025-03-29 06:10:29,268 [DEBUG] [interview=system] Received Java LSP message: {'jsonrpc': '2.0', 'method': 'window/logMessage', 'params': {'type': 3, 'message': 'Mar 29, 2025, 6:10:29\u202fAM Started org.eclipse.m2e.core 0ms'}}
2025-03-29 06:10:29,286 [DEBUG] [interview=system] Received Java LSP message: {'jsonrpc': '2.0', 'method': 'window/logMessage', 'params': {'type': 3, 'message': 'Mar 29, 2025, 6:10:29\u202fAM ProjectRegistryRefreshJob finished 3ms'}}
2025-03-29 06:10:29,329 [DEBUG] [interview=system] Received Java LSP message: {'jsonrpc': '2.0', 'method': 'window/logMessage', 'params': {'type': 3, 'message': 'Mar 29, 2025, 6:10:29\u202fAM Started org.eclipse.buildship.core 28ms'}}
2025-03-29 06:10:29,453 [DEBUG] [interview=system] Received Java LSP message: {'jsonrpc': '2.0', 'method': 'window/logMessage', 'params': {'type': 3, 'message': 'Mar 29, 2025, 6:10:29\u202fAM Static Commands: []'}}
2025-03-29 06:10:29,481 [DEBUG] [interview=system] Received Java LSP message: {'jsonrpc': '2.0', 'method': 'window/logMessage', 'params': {'type': 3, 'message': 'Mar 29, 2025, 6:10:29\u202fAM Non-Static Commands: [java.project.import, java.project.changeImportedProjects, java.navigate.openTypeHierarchy, java.project.resolveStackTraceLocation, java.edit.handlePasteEvent, java.edit.stringFormatting, java.project.getSettings, java.project.resolveWorkspaceSymbol, java.project.upgradeGradle, java.project.createModuleInfo, java.vm.getAllInstalls, java.edit.organizeImports, java.project.refreshDiagnostics, java.project.removeFromSourcePath, java.project.listSourcePaths, java.project.updateSettings, java.project.getAll, java.reloadBundles, java.project.isTestFile, java.project.resolveText, java.project.getClasspaths, java.navigate.resolveTypeHierarchy, java.edit.smartSemicolonDetection, java.project.updateSourceAttachment, java.project.updateClassPaths, java.decompile, java.protobuf.generateSources, java.project.resolveSourceAttachment, java.project.updateJdk, java.project.addToSourcePath, java.completion.onDidSelect]'}}
2025-03-29 06:10:29,499 [DEBUG] [interview=system] Received Java LSP message: {'jsonrpc': '2.0', 'method': 'language/status', 'params': {'type': 'Starting', 'message': 'Init...'}}
2025-03-29 06:10:29,511 [DEBUG] [interview=system] Received Java LSP message: {'jsonrpc': '2.0', 'method': 'language/status', 'params': {'type': 'Starting', 'message': '0% Starting Java Language Server'}}
2025-03-29 06:10:29,523 [DEBUG] [interview=system] Received Java LSP message: {'jsonrpc': '2.0', 'method': 'window/logMessage', 'params': {'type': 3, 'message': 'Mar 29, 2025, 6:10:29\u202fAM RepositoryRegistryUpdateJob finished 1ms'}}
2025-03-29 06:10:29,535 [DEBUG] [interview=system] Received Java LSP message: {'jsonrpc': '2.0', 'id': 1, 'result': {'capabilities': {'textDocumentSync': {'openClose': True, 'change': 2, 'save': {'includeText': True}}, 'hoverProvider': True, 'completionProvider': {'resolveProvider': True, 'triggerCharacters': ['.', '@', '#', '*', ' ']}, 'signatureHelpProvider': {'triggerCharacters': ['(', ',']}, 'definitionProvider': True, 'typeDefinitionProvider': True, 'implementationProvider': True, 'referencesProvider': True, 'documentHighlightProvider': True, 'documentSymbolProvider': True, 'workspaceSymbolProvider': True, 'codeActionProvider': {'codeActionKinds': [], 'resolveProvider': False}, 'codeLensProvider': {'resolveProvider': True}, 'documentFormattingProvider': True, 'documentRangeFormattingProvider': True, 'documentOnTypeFormattingProvider': {'firstTriggerCharacter': ';', 'moreTriggerCharacter': ['\n', '}']}, 'renameProvider': {'prepareProvider': True}, 'foldingRangeProvider': True, 'declarationProvider': True, 'executeCommandProvider': {'commands': ['java.project.import', 'java.project.changeImportedProjects', 'java.navigate.openTypeHierarchy', 'java.project.resolveStackTraceLocation', 'java.edit.handlePasteEvent', 'java.edit.stringFormatting', 'java.project.getSettings', 'java.project.resolveWorkspaceSymbol', 'java.project.upgradeGradle', 'java.project.createModuleInfo', 'java.vm.getAllInstalls', 'java.edit.organizeImports', 'java.project.refreshDiagnostics', 'java.project.removeFromSourcePath', 'java.project.listSourcePaths', 'java.project.updateSettings', 'java.project.getAll', 'java.reloadBundles', 'java.project.isTestFile', 'java.project.resolveText', 'java.project.getClasspaths', 'java.navigate.resolveTypeHierarchy', 'java.edit.smartSemicolonDetection', 'java.project.updateSourceAttachment', 'java.project.updateClassPaths', 'java.decompile', 'java.protobuf.generateSources', 'java.project.resolveSourceAttachment', 'java.project.updateJdk', 'java.project.addToSourcePath', 'java.completion.onDidSelect']}, 'workspace': {'workspaceFolders': {'supported': True, 'changeNotifications': True}}, 'typeHierarchyProvider': True, 'callHierarchyProvider': True, 'selectionRangeProvider': True, 'semanticTokensProvider': {'legend': {'tokenTypes': ['namespace', 'class', 'interface', 'enum', 'enumMember', 'type', 'typeParameter', 'method', 'property', 'variable', 'parameter', 'modifier', 'keyword', 'annotation', 'annotationMember', 'record', 'recordComponent'], 'tokenModifiers': ['abstract', 'static', 'readonly', 'deprecated', 'declaration', 'documentation', 'public', 'private', 'protected', 'native', 'generic', 'typeArgument', 'importDeclaration', 'constructor']}, 'range': False, 'full': {'delta': False}, 'documentSelector': [{'language': 'java', 'scheme': 'file'}, {'language': 'java', 'scheme': 'jdt'}]}, 'inlayHintProvider': True}}}
2025-03-29 06:10:29,547 [DEBUG] [interview=system] Received Java LSP response (ID: 1): {"jsonrpc": "2.0", "id": 1, "result": {"capabilities": {"textDocumentSync": {"openClose": true, "change": 2, "save": {"includeText": true}}, "hoverProvider": true, "completionProvider": {"resolveProvider": true, "triggerCharacters": [".", "@", "#", "*", " "]}, "signatureHelpProvider": {"triggerCharacters": ["(", ","]}, "definitionProvider": true, "typeDefinitionProvider": true, "implementationProvider": true, "referencesProvider": true, "documentHighlightProvider": true, "documentSymbolProvider": true, "workspaceSymbolProvider": true, "codeActionProvider": {"codeActionKinds": [], "resolveProvider": false}, "codeLensProvider": {"resolveProvider": true}, "documentFormattingProvider": true, "documentRangeFormattingProvider": true, "documentOnTypeFormattingProvider": {"firstTriggerCharacter": ";", "moreTriggerCharacter": ["\n", "}"]}, "renameProvider": {"prepareProvider": true}, "foldingRangeProvider": true, "declarationProvider": true, "executeCommandProvider": {"commands": ["java.project.import", "java.project.changeImportedProjects", "java.navigate.openTypeHierarchy", "java.project.resolveStackTraceLocation", "java.edit.handlePasteEvent", "java.edit.stringFormatting", "java.project.getSettings", "java.project.resolveWorkspaceSymbol", "java.project.upgradeGradle", "java.project.createModuleInfo", "java.vm.getAllInstalls", "java.edit.organizeImports", "java.project.refreshDiagnostics", "java.project.removeFromSourcePath", "java.project.listSourcePaths", "java.project.updateSettings", "java.project.getAll", "java.reloadBundles", "java.project.isTestFile", "java.project.resolveText", "java.project.getClasspaths", "java.navigate.resolveTypeHierarchy", "java.edit.smartSemicolonDetection", "java.project.updateSourceAttachment", "java.project.updateClassPaths", "java.decompile", "java.protobuf.generateSources", "java.project.resolveSourceAttachment", "java.project.updateJdk", "java.project.addToSourcePath", "java.completion.onDidSelect"]}, "workspace": {"workspaceFolders": {"supported": true, "changeNotifications": true}}, "typeHierarchyProvider": true, "callHierarchyProvider": true, "selectionRangeProvider": true, "semanticTokensProvider": {"legend": {"tokenTypes": ["namespace", "class", "interface", "enum", "enumMember", "type", "typeParameter", "method", "property", "variable", "parameter", "modifier", "keyword", "annotation", "annotationMember", "record", "recordComponent"], "tokenModifiers": ["abstract", "static", "readonly", "deprecated", "declaration", "documentation", "public", "private", "protected", "native", "generic", "typeArgument", "importDeclaration", "constructor"]}, "range": false, "full": {"delta": false}, "documentSelector": [{"language": "java", "scheme": "file"}, {"language": "java", "scheme": "jdt"}]}, "inlayHintProvider": true}}}
2025-03-29 06:10:29,548 [DEBUG] [interview=system] Sending Java LSP notification: {"jsonrpc": "2.0", "method": "initialized", "params": {}}
2025-03-29 06:10:29,549 [INFO] [interview=system] Java LSP initialized for workspace: /app/workspace/1232/java
2025-03-29 06:10:29,574 [DEBUG] [interview=system] Received Java LSP message: {'jsonrpc': '2.0', 'method': 'window/logMessage', 'params': {'type': 3, 'message': 'Mar 29, 2025, 6:10:29\u202fAM >> initialized'}}
2025-03-29 06:10:29,579 [DEBUG] [interview=system] Sending Java LSP notification: {"jsonrpc": "2.0", "method": "textDocument/didOpen", "params": {"textDocument": {"uri": "file:///app/workspace/1232/java/src/main/java/Test.java", "languageId": "java", "version": 1, "text": "public class Test {\n    public static void main(String[] args) {\n        System."}}}
2025-03-29 06:10:29,580 [DEBUG] [interview=system] Sending Java LSP request (ID: 2): {"jsonrpc": "2.0", "method": "textDocument/completion", "params": {"textDocument": {"uri": "file:///app/workspace/1232/java/src/main/java/Test.java"}, "position": {"line": 2, "character": 13}, "context": {"triggerKind": 1}}, "id": 2}
2025-03-29 06:10:29,871 [DEBUG] [interview=system] Received Java LSP message: {'jsonrpc': '2.0', 'method': 'language/status', 'params': {'type': 'Starting', 'message': "5% Starting Java Language Server - Deleting '/java-project'."}}
2025-03-29 06:10:29,969 [DEBUG] [interview=system] Received Java LSP message: {'jsonrpc': '2.0', 'method': 'window/logMessage', 'params': {'type': 3, 'message': 'Mar 29, 2025, 6:10:29\u202fAM Importing Maven project(s)'}}
2025-03-29 06:10:30,170 [DEBUG] [interview=system] Received Java LSP message: {'jsonrpc': '2.0', 'method': 'language/status', 'params': {'type': 'Starting', 'message': "24% Starting Java Language Server - Deleting '/java-project'."}}
2025-03-29 06:10:30,759 [DEBUG] [interview=system] Received Java LSP message: {'jsonrpc': '2.0', 'method': 'language/status', 'params': {'type': 'Starting', 'message': '27% Starting Java Language Server - Refreshing projects'}}
2025-03-29 06:10:31,131 [DEBUG] [interview=system] Received Java LSP message: {'jsonrpc': '2.0', 'method': 'language/status', 'params': {'type': 'Starting', 'message': '27% Starting Java Language Server - https://repo.maven.apache.org/maven2/org/apache/maven/plugins/maven-clean-plugin/3.2.0/maven-clean-plugin-3.2.0.jar'}}
2025-03-29 06:10:31,331 [DEBUG] [interview=system] Received Java LSP message: {'jsonrpc': '2.0', 'method': 'language/status', 'params': {'type': 'Starting', 'message': '27% Starting Java Language Server - 18KB/34KB (54%) https://repo.maven.apache.org/maven2/org/apache/maven/plugins/maven-clean-plugin/3.2.0/maven-clean-plugin-3.2.0.jar'}}
2025-03-29 06:10:31,535 [DEBUG] [interview=system] Received Java LSP message: {'jsonrpc': '2.0', 'method': 'language/status', 'params': {'type': 'Starting', 'message': '27% Starting Java Language Server - 0% https://repo.maven.apache.org/maven2/org/apache/maven/plugins/maven-jar-plugin/3.3.0/maven-jar-plugin-3.3.0.jar'}}
2025-03-29 06:10:31,735 [DEBUG] [interview=system] Received Java LSP message: {'jsonrpc': '2.0', 'method': 'language/status', 'params': {'type': 'Starting', 'message': '27% Starting Java Language Server - 9KB/9KB (100%) https://repo.maven.apache.org/maven2/org/apache/maven/plugins/maven-compiler-plugin/3.11.0/maven-compiler-plugin-3.11.0.pom'}}
2025-03-29 06:10:31,941 [DEBUG] [interview=system] Received Java LSP message: {'jsonrpc': '2.0', 'method': 'language/status', 'params': {'type': 'Starting', 'message': '27% Starting Java Language Server - 0% https://repo.maven.apache.org/maven2/org/apache/maven/shared/maven-shared-utils/3.3.4/maven-shared-utils-3.3.4.pom'}}
2025-03-29 06:10:32,155 [DEBUG] [interview=system] Received Java LSP message: {'jsonrpc': '2.0', 'method': 'language/status', 'params': {'type': 'Starting', 'message': '27% Starting Java Language Server - 0% https://repo.maven.apache.org/maven2/org/apache/apache/18/apache-18.pom'}}
2025-03-29 06:10:32,430 [DEBUG] [interview=system] Received Java LSP message: {'jsonrpc': '2.0', 'method': 'language/status', 'params': {'type': 'Starting', 'message': '27% Starting Java Language Server - 0% https://repo.maven.apache.org/maven2/org/apache/apache/13/apache-13.pom'}}
2025-03-29 06:10:32,632 [DEBUG] [interview=system] Received Java LSP message: {'jsonrpc': '2.0', 'method': 'language/status', 'params': {'type': 'Starting', 'message': '27% Starting Java Language Server - 0% https://repo.maven.apache.org/maven2/org/codehaus/plexus/plexus-languages/1.1.2/plexus-languages-1.1.2.pom'}}
2025-03-29 06:10:32,834 [DEBUG] [interview=system] Received Java LSP message: {'jsonrpc': '2.0', 'method': 'language/status', 'params': {'type': 'Starting', 'message': '27% Starting Java Language Server - https://repo.maven.apache.org/maven2/org/codehaus/plexus/plexus-compiler/2.13.0/plexus-compiler-2.13.0.pom'}}
2025-03-29 06:10:33,036 [DEBUG] [interview=system] Received Java LSP message: {'jsonrpc': '2.0', 'method': 'language/status', 'params': {'type': 'Starting', 'message': '27% Starting Java Language Server - 0% https://repo.maven.apache.org/maven2/org/codehaus/plexus/plexus-containers/2.1.1/plexus-containers-2.1.1.pom'}}
2025-03-29 06:10:33,237 [DEBUG] [interview=system] Received Java LSP message: {'jsonrpc': '2.0', 'method': 'language/status', 'params': {'type': 'Starting', 'message': '27% Starting Java Language Server - 63KB/209KB (30%) https://repo.maven.apache.org/maven2/commons-io/commons-io/2.6/commons-io-2.6.jar'}}
2025-03-29 06:10:33,627 [DEBUG] [interview=system] Received Java LSP message: {'jsonrpc': '2.0', 'method': 'language/status', 'params': {'type': 'Starting', 'message': '50% Starting Java Language Server'}}
2025-03-29 06:10:33,852 [DEBUG] [interview=system] Received Java LSP message: {'jsonrpc': '2.0', 'method': 'language/status', 'params': {'type': 'Starting', 'message': '59% Starting Java Language Server - https://repo.maven.apache.org/maven2/org/apache/maven/plugins/maven-resources-plugin/3.3.1/maven-resources-plugin-3.3.1.pom'}}
2025-03-29 06:10:34,701 [DEBUG] [interview=system] Received Java LSP message: {'jsonrpc': '2.0', 'method': 'language/status', 'params': {'type': 'Starting', 'message': '59% Starting Java Language Server - https://repo.maven.apache.org/maven2/org/codehaus/plexus/plexus-interpolation/1.26/plexus-interpolation-1.26.pom'}}
2025-03-29 06:10:34,910 [DEBUG] [interview=system] Received Java LSP message: {'jsonrpc': '2.0', 'method': 'language/status', 'params': {'type': 'Starting', 'message': '59% Starting Java Language Server - 0% https://repo.maven.apache.org/maven2/org/slf4j/slf4j-api/1.7.36/slf4j-api-1.7.36.pom'}}
2025-03-29 06:10:35,110 [DEBUG] [interview=system] Received Java LSP message: {'jsonrpc': '2.0', 'method': 'language/status', 'params': {'type': 'Starting', 'message': '59% Starting Java Language Server'}}
2025-03-29 06:10:35,310 [DEBUG] [interview=system] Received Java LSP message: {'jsonrpc': '2.0', 'method': 'language/status', 'params': {'type': 'Starting', 'message': '59% Starting Java Language Server - 48KB/319KB (15%) https://repo.maven.apache.org/maven2/commons-io/commons-io/2.11.0/commons-io-2.11.0.jar'}}
2025-03-29 06:10:38,524 [DEBUG] [interview=system] Received Java LSP message: {'jsonrpc': '2.0', 'method': 'language/status', 'params': {'type': 'Starting', 'message': "70% Starting Java Language Server - Refreshing '/java-project/src/test/java'."}}
2025-03-29 06:10:38,531 [DEBUG] [interview=system] Received Java LSP message: {'jsonrpc': '2.0', 'method': 'language/status', 'params': {'type': 'ProjectStatus', 'message': 'OK'}}
2025-03-29 06:10:38,538 [DEBUG] [interview=system] Received Java LSP message: {'jsonrpc': '2.0', 'method': 'language/status', 'params': {'type': 'Starting', 'message': "100% Starting Java Language Server - Refreshing '/java-project/src/test/java'."}}
2025-03-29 06:10:38,544 [DEBUG] [interview=system] Received Java LSP message: {'jsonrpc': '2.0', 'method': 'language/status', 'params': {'type': 'Starting', 'message': "1000% Starting Java Language Server - Refreshing '/java-project/src/test/java'."}}
2025-03-29 06:10:38,556 [DEBUG] [interview=system] Received Java LSP message: {'jsonrpc': '2.0', 'method': 'language/status', 'params': {'type': 'Starting', 'message': "1005% Starting Java Language Server - Refreshing '/java-project/src/test/java'."}}
2025-03-29 06:10:38,648 [DEBUG] [interview=system] Received Java LSP message: {'jsonrpc': '2.0', 'method': 'language/status', 'params': {'type': 'Starting', 'message': "1010% Starting Java Language Server - Refreshing '/java-project/src/test/java'."}}
2025-03-29 06:10:38,654 [DEBUG] [interview=system] Received Java LSP message: {'jsonrpc': '2.0', 'method': 'language/status', 'params': {'type': 'Starting', 'message': "1100% Starting Java Language Server - Refreshing '/java-project/src/test/java'."}}
2025-03-29 06:10:38,661 [DEBUG] [interview=system] Received Java LSP message: {'jsonrpc': '2.0', 'method': 'language/status', 'params': {'type': 'Starting', 'message': "1100% Starting Java Language Server - Refreshing '/java-project/src/test/java'."}}
2025-03-29 06:10:38,667 [DEBUG] [interview=system] Received Java LSP message: {'jsonrpc': '2.0', 'method': 'window/logMessage', 'params': {'type': 3, 'message': 'Mar 29, 2025, 6:10:38\u202fAM Workspace initialized in 9145ms'}}
2025-03-29 06:10:38,674 [DEBUG] [interview=system] Received Java LSP message: {'jsonrpc': '2.0', 'method': 'language/status', 'params': {'type': 'Started', 'message': 'Ready'}}
2025-03-29 06:10:38,686 [DEBUG] [interview=system] Received Java LSP message: {'jsonrpc': '2.0', 'method': 'language/status', 'params': {'type': 'Starting', 'message': "1100% Starting Java Language Server - Refreshing '/java-project/src/test/java'."}}
2025-03-29 06:10:38,692 [DEBUG] [interview=system] Received Java LSP message: {'jsonrpc': '2.0', 'method': 'window/logMessage', 'params': {'type': 3, 'message': 'Mar 29, 2025, 6:10:38\u202fAM >> initialization job finished'}}
2025-03-29 06:10:38,704 [DEBUG] [interview=system] Received Java LSP message: {'jsonrpc': '2.0', 'method': 'language/status', 'params': {'type': 'ServiceReady', 'message': 'ServiceReady'}}
2025-03-29 06:10:38,953 [DEBUG] [interview=system] Received Java LSP message: {'jsonrpc': '2.0', 'method': 'window/logMessage', 'params': {'type': 3, 'message': 'Mar 29, 2025, 6:10:38\u202fAM >> build jobs finished'}}
2025-03-29 06:10:38,965 [DEBUG] [interview=system] Received Java LSP message: {'jsonrpc': '2.0', 'method': 'window/logMessage', 'params': {'type': 3, 'message': "Mar 29, 2025, 6:10:38\u202fAM >> registerWatchers'"}}
2025-03-29 06:10:39,382 [DEBUG] [interview=system] Received Java LSP message: {'jsonrpc': '2.0', 'method': 'window/logMessage', 'params': {'type': 3, 'message': 'Mar 29, 2025, 6:10:39\u202fAM Reconciled 1. Took 0 ms'}}
2025-03-29 06:10:39,580 [DEBUG] [interview=system] Received Java LSP message: {'jsonrpc': '2.0', 'method': 'window/logMessage', 'params': {'type': 3, 'message': 'Mar 29, 2025, 6:10:39\u202fAM Completion request completed'}}
2025-03-29 06:10:39,587 [DEBUG] [interview=system] Received Java LSP message: {'jsonrpc': '2.0', 'id': 2, 'result': {'isIncomplete': False, 'items': [{'label': 'System.out.println()', 'kind': 15, 'detail': 'print to standard out', 'sortText': '999999999', 'insertTextFormat': 2, 'insertTextMode': 2, 'textEdit': {'range': {'start': {'line': 2, 'character': 8}, 'end': {'line': 2, 'character': 14}}, 'newText': 'System.out.println(${0});'}, 'command': {'title': '', 'command': 'java.completion.onDidSelect', 'arguments': ['1', '0']}, 'data': {'rid': '1', 'pid': '0'}}, {'label': 'System.err.println()', 'kind': 15, 'detail': 'print to standard err', 'sortText': '999999999', 'insertTextFormat': 2, 'insertTextMode': 2, 'textEdit': {'range': {'start': {'line': 2, 'character': 8}, 'end': {'line': 2, 'character': 14}}, 'newText': 'System.err.println(${0});'}, 'command': {'title': '', 'command': 'java.completion.onDidSelect', 'arguments': ['1', '1']}, 'data': {'rid': '1', 'pid': '1'}}]}}
2025-03-29 06:10:39,593 [DEBUG] [interview=system] Received Java LSP response (ID: 2): {"jsonrpc": "2.0", "id": 2, "result": {"isIncomplete": false, "items": [{"label": "System.out.println()", "kind": 15, "detail": "print to standard out", "sortText": "999999999", "insertTextFormat": 2, "insertTextMode": 2, "textEdit": {"range": {"start": {"line": 2, "character": 8}, "end": {"line": 2, "character": 14}}, "newText": "System.out.println(${0});"}, "command": {"title": "", "command": "java.completion.onDidSelect", "arguments": ["1", "0"]}, "data": {"rid": "1", "pid": "0"}}, {"label": "System.err.println()", "kind": 15, "detail": "print to standard err", "sortText": "999999999", "insertTextFormat": 2, "insertTextMode": 2, "textEdit": {"range": {"start": {"line": 2, "character": 8}, "end": {"line": 2, "character": 14}}, "newText": "System.err.println(${0});"}, "command": {"title": "", "command": "java.completion.onDidSelect", "arguments": ["1", "1"]}, "data": {"rid": "1", "pid": "1"}}]}}
2025-03-29 06:10:39,594 [INFO] [interview=system] [interview=1232] Returning 2 completions for file://Test.java
2025-03-29 06:10:40,147 [DEBUG] [interview=system] Received Java LSP message: {'jsonrpc': '2.0', 'method': 'window/logMessage', 'params': {'type': 3, 'message': 'Mar 29, 2025, 6:10:40\u202fAM begin problem for /Test.java'}}
2025-03-29 06:10:40,157 [DEBUG] [interview=system] Received Java LSP message: {'jsonrpc': '2.0', 'method': 'window/logMessage', 'params': {'type': 3, 'message': 'Mar 29, 2025, 6:10:40\u202fAM 4 problems reported for /Test.java'}}
2025-03-29 06:10:40,163 [DEBUG] [interview=system] Received Java LSP message: {'jsonrpc': '2.0', 'method': 'textDocument/publishDiagnostics', 'params': {'uri': 'file:///app/workspace/1232/java/src/main/java/Test.java', 'diagnostics': [{'range': {'start': {'line': 0, 'character': 18}, 'end': {'line': 0, 'character': 19}}, 'severity': 1, 'code': '1610612976', 'source': 'Java', 'message': 'Syntax error, insert "}" to complete ClassBody'}, {'range': {'start': {'line': 2, 'character': 8}, 'end': {'line': 2, 'character': 14}}, 'severity': 1, 'code': '1610612976', 'source': 'Java', 'message': 'Syntax error, insert "VariableDeclarators" to complete LocalVariableDeclaration'}, {'range': {'start': {'line': 2, 'character': 8}, 'end': {'line': 2, 'character': 14}}, 'severity': 1, 'code': '1610612976', 'source': 'Java', 'message': 'Syntax error, insert ";" to complete LocalVariableDeclarationStatement'}, {'range': {'start': {'line': 2, 'character': 8}, 'end': {'line': 2, 'character': 14}}, 'severity': 1, 'code': '1610612976', 'source': 'Java', 'message': 'Syntax error, insert "}" to complete MethodBody'}]}}
2025-03-29 06:10:40,170 [DEBUG] [interview=system] Received Java LSP message: {'jsonrpc': '2.0', 'method': 'window/logMessage', 'params': {'type': 3, 'message': 'Mar 29, 2025, 6:10:40\u202fAM Validated 1. Took 136 ms'}}
2025-03-29 06:10:41,391 [DEBUG] [interview=system] Received Java LSP message: {'jsonrpc': '2.0', 'method': 'textDocument/publishDiagnostics', 'params': {'uri': 'file:///app/workspace/1232/java', 'diagnostics': []}}
2025-03-29 06:10:41,485 [DEBUG] [interview=system] Received Java LSP message: {'jsonrpc': '2.0', 'method': 'textDocument/publishDiagnostics', 'params': {'uri': 'file:///app/workspace/1232/java/pom.xml', 'diagnostics': []}}
